2021-02-16 07:14:32,572:INFO:PyCaret Supervised Module
2021-02-16 07:14:32,572:INFO:ML Usecase: classification
2021-02-16 07:14:32,573:INFO:version 2.2.3
2021-02-16 07:14:32,573:INFO:Initializing setup()
2021-02-16 07:14:32,573:INFO:setup(target=Survived, ml_usecase=classification, available_plots={'parameter': 'Hyperparameters', 'auc': 'AUC', 'confusion_matrix': 'Confusion Matrix', 'threshold': 'Threshold', 'pr': 'Precision Recall', 'error': 'Prediction Error', 'class_report': 'Class Report', 'rfe': 'Feature Selection', 'learning': 'Learning Curve', 'manifold': 'Manifold Learning', 'calibration': 'Calibration Curve', 'vc': 'Validation Curve', 'dimension': 'Dimensions', 'feature': 'Feature Importance', 'feature_all': 'Feature Importance (All)', 'boundary': 'Decision Boundary', 'lift': 'Lift Chart', 'gain': 'Gain Chart', 'tree': 'Decision Tree'}, train_size=0.7, test_data=None, preprocess=True, imputation_type=simple, iterative_imputation_iters=5, categorical_features=None, categorical_imputation=constant, categorical_iterative_imputer=lightgbm, ordinal_features=None, high_cardinality_features=None, high_cardinality_method=frequency, numeric_features=None, numeric_imputation=mean, numeric_iterative_imputer=lightgbm, date_features=None, ignore_features=None, normalize=False, normalize_method=zscore, transformation=False, transformation_method=yeo-johnson, handle_unknown_categorical=True, unknown_categorical_method=least_frequent, pca=False, pca_method=linear, pca_components=None, ignore_low_variance=False, combine_rare_levels=False, rare_level_threshold=0.1, bin_numeric_features=None, remove_outliers=False, outliers_threshold=0.05, remove_multicollinearity=False, multicollinearity_threshold=0.9, remove_perfect_collinearity=True, create_clusters=False, cluster_iter=20, polynomial_features=False, polynomial_degree=2, trigonometry_features=False, polynomial_threshold=0.1, group_features=None, group_names=None, feature_selection=False, feature_selection_threshold=0.8, feature_selection_method=classic, feature_interaction=False, feature_ratio=False, interaction_threshold=0.01, fix_imbalance=False, fix_imbalance_method=None, transform_target=False, transform_target_method=box-cox, data_split_shuffle=True, data_split_stratify=False, fold_strategy=stratifiedkfold, fold=10, fold_shuffle=False, fold_groups=None, n_jobs=-1, use_gpu=False, custom_pipeline=None, html=True, session_id=123, log_experiment=False, experiment_name=None, log_plots=False, log_profile=False, log_data=False, silent=False, verbose=True, profile=False, profile_kwargs=None, display=None)
2021-02-16 07:14:32,573:INFO:Checking environment
2021-02-16 07:14:32,573:INFO:python_version: 3.7.9
2021-02-16 07:14:32,573:INFO:python_build: ('default', 'Aug 31 2020 07:22:35')
2021-02-16 07:14:32,573:INFO:machine: x86_64
2021-02-16 07:14:32,595:INFO:platform: Darwin-20.3.0-x86_64-i386-64bit
2021-02-16 07:14:32,596:INFO:Memory: svmem(total=17179869184, available=6765211648, percent=60.6, used=9195327488, free=74375168, active=6696259584, inactive=6625583104, wired=2499067904)
2021-02-16 07:14:32,596:INFO:Physical Core: 8
2021-02-16 07:14:32,596:INFO:Logical Core: 16
2021-02-16 07:14:32,596:INFO:Checking libraries
2021-02-16 07:14:32,596:INFO:pd==1.2.1
2021-02-16 07:14:32,596:INFO:numpy==1.19.2
2021-02-16 07:14:32,596:INFO:sklearn==0.23.2
2021-02-16 07:14:32,647:INFO:xgboost==1.3.0
2021-02-16 07:14:32,647:INFO:lightgbm==3.1.1
2021-02-16 07:14:33,048:INFO:catboost==0.24.4
2021-02-16 07:14:34,438:INFO:mlflow==1.13.1
2021-02-16 07:14:34,439:INFO:Checking Exceptions
2021-02-16 07:14:34,439:INFO:Declaring global variables
2021-02-16 07:14:34,439:INFO:USI: 41dd
2021-02-16 07:14:34,439:INFO:pycaret_globals: {'imputation_regressor', '_all_metrics', 'fold_shuffle_param', 'create_model_container', 'experiment__', 'display_container', 'gpu_param', 'fold_generator', 'n_jobs_param', 'master_model_container', 'prep_pipe', 'log_plots_param', '_ml_usecase', 'transform_target_param', '_gpu_n_jobs_param', '_all_models_internal', 'logging_param', 'iterative_imputation_iters_param', 'fix_imbalance_method_param', '_internal_pipeline', 'imputation_classifier', 'y_train', 'transform_target_method_param', '_available_plots', 'exp_name_log', 'y', 'pycaret_globals', 'stratify_param', 'html_param', 'y_test', 'fold_groups_param', 'USI', '_all_models', 'target_param', 'fix_imbalance_param', 'seed', 'X_test', 'X_train', 'data_before_preprocess', 'fold_param', 'X'}
2021-02-16 07:14:34,439:INFO:Preparing display monitor
2021-02-16 07:14:34,439:INFO:Preparing display monitor
2021-02-16 07:14:34,452:INFO:Importing libraries
2021-02-16 07:14:34,453:INFO:Copying data for preprocessing
2021-02-16 07:14:34,459:INFO:Declaring preprocessing parameters
2021-02-16 07:14:34,460:INFO:Creating preprocessing pipeline
2021-02-16 07:14:34,467:INFO:Preprocessing pipeline created successfully
2021-02-16 07:14:34,467:ERROR:(Process Exit): setup has been interupted with user command 'quit'. setup must rerun.
2021-02-16 07:14:34,467:INFO:Creating global containers
2021-02-16 07:14:34,470:INFO:Internal pipeline: Pipeline(memory=None, steps=[('empty_step', 'passthrough')], verbose=False)
2021-02-16 07:16:49,560:INFO:Creating grid variables
2021-02-16 07:16:49,577:INFO:create_model_container: 0
2021-02-16 07:16:49,577:INFO:master_model_container: 0
2021-02-16 07:16:49,577:INFO:display_container: 1
2021-02-16 07:16:49,582:INFO:Pipeline(memory=None,
         steps=[('dtypes',
                 DataTypes_Auto_infer(categorical_features=[],
                                      display_types=True, features_todrop=[],
                                      id_columns=[],
                                      ml_usecase='classification',
                                      numerical_features=[], target='Survived',
                                      time_features=[])),
                ('imputer',
                 Simple_Imputer(categorical_strategy='not_available',
                                fill_value_categorical=None,
                                fill_value_numerical=None,
                                numeric_str...
                ('scaling', 'passthrough'), ('P_transform', 'passthrough'),
                ('binn', 'passthrough'), ('rem_outliers', 'passthrough'),
                ('cluster_all', 'passthrough'),
                ('dummy', Dummify(target='Survived')),
                ('fix_perfect', Remove_100(target='Survived')),
                ('clean_names', Clean_Colum_Names()),
                ('feature_select', 'passthrough'), ('fix_multi', 'passthrough'),
                ('dfs', 'passthrough'), ('pca', 'passthrough')],
         verbose=False)
2021-02-16 07:16:49,582:INFO:setup() succesfully completed......................................
2021-02-16 07:17:06,977:INFO:Initializing compare_models()
2021-02-16 07:17:06,978:INFO:compare_models(include=None, fold=None, round=4, cross_validation=True, sort=Accuracy, n_select=1, budget_time=None, turbo=True, errors=ignore, fit_kwargs=None, groups=None, verbose=True, display=None, exclude=None)
2021-02-16 07:17:06,978:INFO:Checking exceptions
2021-02-16 07:17:06,978:INFO:Preparing display monitor
2021-02-16 07:17:06,978:INFO:Preparing display monitor
2021-02-16 07:17:07,002:INFO:Initializing Logistic Regression
2021-02-16 07:17:07,002:INFO:Total runtime is 2.133846282958984e-06 minutes
2021-02-16 07:17:07,010:INFO:SubProcess create_model() called ==================================
2021-02-16 07:17:07,010:INFO:Initializing create_model()
2021-02-16 07:17:07,010:INFO:create_model(estimator=lr, fold=StratifiedKFold(n_splits=10, random_state=123, shuffle=False), round=4, cross_validation=True, predict=True, fit_kwargs={}, groups=None, refit=False, verbose=False, system=False, metrics=None, display=<pycaret.internal.Display.Display object at 0x7fa6cf01eb50>, kwargs={})
2021-02-16 07:17:07,010:INFO:Checking exceptions
2021-02-16 07:17:07,010:INFO:Importing libraries
2021-02-16 07:17:07,010:INFO:Copying training dataset
2021-02-16 07:17:07,011:INFO:Defining folds
2021-02-16 07:17:07,011:INFO:Declaring metric variables
2021-02-16 07:17:07,018:INFO:Importing untrained model
2021-02-16 07:17:07,025:INFO:Logistic Regression Imported succesfully
2021-02-16 07:17:07,040:INFO:Starting cross validation
2021-02-16 07:17:07,040:INFO:Cross validating with StratifiedKFold(n_splits=10, random_state=123, shuffle=False), n_jobs=-1
2021-02-16 07:17:15,725:INFO:Calculating mean and std
2021-02-16 07:17:15,729:INFO:Creating metrics dataframe
2021-02-16 07:17:15,742:INFO:Uploading results into container
2021-02-16 07:17:15,742:INFO:Uploading model into container now
2021-02-16 07:17:15,743:INFO:create_model_container: 1
2021-02-16 07:17:15,743:INFO:master_model_container: 1
2021-02-16 07:17:15,743:INFO:display_container: 2
2021-02-16 07:17:15,744:INFO:LogisticRegression(C=1.0, class_weight=None, dual=False, fit_intercept=True,
                   intercept_scaling=1, l1_ratio=None, max_iter=1000,
                   multi_class='auto', n_jobs=None, penalty='l2',
                   random_state=123, solver='lbfgs', tol=0.0001, verbose=0,
                   warm_start=False)
2021-02-16 07:17:15,744:INFO:create_model() succesfully completed......................................
2021-02-16 07:17:15,866:INFO:SubProcess create_model() end ==================================
2021-02-16 07:17:15,866:INFO:Creating metrics dataframe
2021-02-16 07:17:15,888:INFO:Initializing K Neighbors Classifier
2021-02-16 07:17:15,888:INFO:Total runtime is 0.1480913201967875 minutes
2021-02-16 07:17:15,897:INFO:SubProcess create_model() called ==================================
2021-02-16 07:17:15,897:INFO:Initializing create_model()
2021-02-16 07:17:15,897:INFO:create_model(estimator=knn, fold=StratifiedKFold(n_splits=10, random_state=123, shuffle=False), round=4, cross_validation=True, predict=True, fit_kwargs={}, groups=None, refit=False, verbose=False, system=False, metrics=None, display=<pycaret.internal.Display.Display object at 0x7fa6cf01eb50>, kwargs={})
2021-02-16 07:17:15,898:INFO:Checking exceptions
2021-02-16 07:17:15,898:INFO:Importing libraries
2021-02-16 07:17:15,898:INFO:Copying training dataset
2021-02-16 07:17:15,899:INFO:Defining folds
2021-02-16 07:17:15,899:INFO:Declaring metric variables
2021-02-16 07:17:15,907:INFO:Importing untrained model
2021-02-16 07:17:15,914:INFO:K Neighbors Classifier Imported succesfully
2021-02-16 07:17:15,928:INFO:Starting cross validation
2021-02-16 07:17:15,929:INFO:Cross validating with StratifiedKFold(n_splits=10, random_state=123, shuffle=False), n_jobs=-1
2021-02-16 07:17:18,217:INFO:Calculating mean and std
2021-02-16 07:17:18,218:INFO:Creating metrics dataframe
2021-02-16 07:17:18,224:INFO:Uploading results into container
2021-02-16 07:17:18,224:INFO:Uploading model into container now
2021-02-16 07:17:18,224:INFO:create_model_container: 2
2021-02-16 07:17:18,224:INFO:master_model_container: 2
2021-02-16 07:17:18,224:INFO:display_container: 2
2021-02-16 07:17:18,225:INFO:KNeighborsClassifier(algorithm='auto', leaf_size=30, metric='minkowski',
                     metric_params=None, n_jobs=-1, n_neighbors=5, p=2,
                     weights='uniform')
2021-02-16 07:17:18,225:INFO:create_model() succesfully completed......................................
2021-02-16 07:17:18,319:INFO:SubProcess create_model() end ==================================
2021-02-16 07:17:18,319:INFO:Creating metrics dataframe
2021-02-16 07:17:18,343:INFO:Initializing Naive Bayes
2021-02-16 07:17:18,343:INFO:Total runtime is 0.18901296854019164 minutes
2021-02-16 07:17:18,352:INFO:SubProcess create_model() called ==================================
2021-02-16 07:17:18,353:INFO:Initializing create_model()
2021-02-16 07:17:18,353:INFO:create_model(estimator=nb, fold=StratifiedKFold(n_splits=10, random_state=123, shuffle=False), round=4, cross_validation=True, predict=True, fit_kwargs={}, groups=None, refit=False, verbose=False, system=False, metrics=None, display=<pycaret.internal.Display.Display object at 0x7fa6cf01eb50>, kwargs={})
2021-02-16 07:17:18,353:INFO:Checking exceptions
2021-02-16 07:17:18,353:INFO:Importing libraries
2021-02-16 07:17:18,353:INFO:Copying training dataset
2021-02-16 07:17:18,354:INFO:Defining folds
2021-02-16 07:17:18,354:INFO:Declaring metric variables
2021-02-16 07:17:18,362:INFO:Importing untrained model
2021-02-16 07:17:18,369:INFO:Naive Bayes Imported succesfully
2021-02-16 07:17:18,383:INFO:Starting cross validation
2021-02-16 07:17:18,383:INFO:Cross validating with StratifiedKFold(n_splits=10, random_state=123, shuffle=False), n_jobs=-1
2021-02-16 07:17:20,307:INFO:Calculating mean and std
2021-02-16 07:17:20,307:INFO:Creating metrics dataframe
2021-02-16 07:17:20,311:INFO:Uploading results into container
2021-02-16 07:17:20,312:INFO:Uploading model into container now
2021-02-16 07:17:20,312:INFO:create_model_container: 3
2021-02-16 07:17:20,312:INFO:master_model_container: 3
2021-02-16 07:17:20,312:INFO:display_container: 2
2021-02-16 07:17:20,312:INFO:GaussianNB(priors=None, var_smoothing=1e-09)
2021-02-16 07:17:20,312:INFO:create_model() succesfully completed......................................
2021-02-16 07:17:20,400:INFO:SubProcess create_model() end ==================================
2021-02-16 07:17:20,400:INFO:Creating metrics dataframe
2021-02-16 07:17:20,422:INFO:Initializing Decision Tree Classifier
2021-02-16 07:17:20,422:INFO:Total runtime is 0.22366546789805095 minutes
2021-02-16 07:17:20,431:INFO:SubProcess create_model() called ==================================
2021-02-16 07:17:20,431:INFO:Initializing create_model()
2021-02-16 07:17:20,432:INFO:create_model(estimator=dt, fold=StratifiedKFold(n_splits=10, random_state=123, shuffle=False), round=4, cross_validation=True, predict=True, fit_kwargs={}, groups=None, refit=False, verbose=False, system=False, metrics=None, display=<pycaret.internal.Display.Display object at 0x7fa6cf01eb50>, kwargs={})
2021-02-16 07:17:20,432:INFO:Checking exceptions
2021-02-16 07:17:20,432:INFO:Importing libraries
2021-02-16 07:17:20,432:INFO:Copying training dataset
2021-02-16 07:17:20,433:INFO:Defining folds
2021-02-16 07:17:20,433:INFO:Declaring metric variables
2021-02-16 07:17:20,440:INFO:Importing untrained model
2021-02-16 07:17:20,448:INFO:Decision Tree Classifier Imported succesfully
2021-02-16 07:17:20,462:INFO:Starting cross validation
2021-02-16 07:17:20,462:INFO:Cross validating with StratifiedKFold(n_splits=10, random_state=123, shuffle=False), n_jobs=-1
2021-02-16 07:17:20,543:INFO:Calculating mean and std
2021-02-16 07:17:20,544:INFO:Creating metrics dataframe
2021-02-16 07:17:20,548:INFO:Uploading results into container
2021-02-16 07:17:20,549:INFO:Uploading model into container now
2021-02-16 07:17:20,549:INFO:create_model_container: 4
2021-02-16 07:17:20,549:INFO:master_model_container: 4
2021-02-16 07:17:20,549:INFO:display_container: 2
2021-02-16 07:17:20,549:INFO:DecisionTreeClassifier(ccp_alpha=0.0, class_weight=None, criterion='gini',
                       max_depth=None, max_features=None, max_leaf_nodes=None,
                       min_impurity_decrease=0.0, min_impurity_split=None,
                       min_samples_leaf=1, min_samples_split=2,
                       min_weight_fraction_leaf=0.0, presort='deprecated',
                       random_state=123, splitter='best')
2021-02-16 07:17:20,549:INFO:create_model() succesfully completed......................................
2021-02-16 07:17:20,625:INFO:SubProcess create_model() end ==================================
2021-02-16 07:17:20,625:INFO:Creating metrics dataframe
2021-02-16 07:17:20,646:INFO:Initializing SVM - Linear Kernel
2021-02-16 07:17:20,646:INFO:Total runtime is 0.22739908695220948 minutes
2021-02-16 07:17:20,653:INFO:SubProcess create_model() called ==================================
2021-02-16 07:17:20,654:INFO:Initializing create_model()
2021-02-16 07:17:20,654:INFO:create_model(estimator=svm, fold=StratifiedKFold(n_splits=10, random_state=123, shuffle=False), round=4, cross_validation=True, predict=True, fit_kwargs={}, groups=None, refit=False, verbose=False, system=False, metrics=None, display=<pycaret.internal.Display.Display object at 0x7fa6cf01eb50>, kwargs={})
2021-02-16 07:17:20,654:INFO:Checking exceptions
2021-02-16 07:17:20,654:INFO:Importing libraries
2021-02-16 07:17:20,654:INFO:Copying training dataset
2021-02-16 07:17:20,654:INFO:Defining folds
2021-02-16 07:17:20,655:INFO:Declaring metric variables
2021-02-16 07:17:20,661:INFO:Importing untrained model
2021-02-16 07:17:20,669:INFO:SVM - Linear Kernel Imported succesfully
2021-02-16 07:17:20,684:INFO:Starting cross validation
2021-02-16 07:17:20,685:INFO:Cross validating with StratifiedKFold(n_splits=10, random_state=123, shuffle=False), n_jobs=-1
2021-02-16 07:17:20,770:INFO:Calculating mean and std
2021-02-16 07:17:20,770:INFO:Creating metrics dataframe
2021-02-16 07:17:20,774:INFO:Uploading results into container
2021-02-16 07:17:20,775:INFO:Uploading model into container now
2021-02-16 07:17:20,775:INFO:create_model_container: 5
2021-02-16 07:17:20,775:INFO:master_model_container: 5
2021-02-16 07:17:20,775:INFO:display_container: 2
2021-02-16 07:17:20,775:INFO:SGDClassifier(alpha=0.0001, average=False, class_weight=None,
              early_stopping=False, epsilon=0.1, eta0=0.001, fit_intercept=True,
              l1_ratio=0.15, learning_rate='optimal', loss='hinge',
              max_iter=1000, n_iter_no_change=5, n_jobs=-1, penalty='l2',
              power_t=0.5, random_state=123, shuffle=True, tol=0.001,
              validation_fraction=0.1, verbose=0, warm_start=False)
2021-02-16 07:17:20,775:INFO:create_model() succesfully completed......................................
2021-02-16 07:17:20,853:INFO:SubProcess create_model() end ==================================
2021-02-16 07:17:20,854:INFO:Creating metrics dataframe
2021-02-16 07:17:20,874:INFO:Initializing Ridge Classifier
2021-02-16 07:17:20,875:INFO:Total runtime is 0.23120386997858683 minutes
2021-02-16 07:17:20,882:INFO:SubProcess create_model() called ==================================
2021-02-16 07:17:20,882:INFO:Initializing create_model()
2021-02-16 07:17:20,882:INFO:create_model(estimator=ridge, fold=StratifiedKFold(n_splits=10, random_state=123, shuffle=False), round=4, cross_validation=True, predict=True, fit_kwargs={}, groups=None, refit=False, verbose=False, system=False, metrics=None, display=<pycaret.internal.Display.Display object at 0x7fa6cf01eb50>, kwargs={})
2021-02-16 07:17:20,882:INFO:Checking exceptions
2021-02-16 07:17:20,882:INFO:Importing libraries
2021-02-16 07:17:20,882:INFO:Copying training dataset
2021-02-16 07:17:20,883:INFO:Defining folds
2021-02-16 07:17:20,883:INFO:Declaring metric variables
2021-02-16 07:17:20,890:INFO:Importing untrained model
2021-02-16 07:17:20,897:INFO:Ridge Classifier Imported succesfully
2021-02-16 07:17:20,911:INFO:Starting cross validation
2021-02-16 07:17:20,912:INFO:Cross validating with StratifiedKFold(n_splits=10, random_state=123, shuffle=False), n_jobs=-1
2021-02-16 07:17:20,997:INFO:Calculating mean and std
2021-02-16 07:17:20,998:INFO:Creating metrics dataframe
2021-02-16 07:17:21,002:INFO:Uploading results into container
2021-02-16 07:17:21,002:INFO:Uploading model into container now
2021-02-16 07:17:21,002:INFO:create_model_container: 6
2021-02-16 07:17:21,003:INFO:master_model_container: 6
2021-02-16 07:17:21,003:INFO:display_container: 2
2021-02-16 07:17:21,003:INFO:RidgeClassifier(alpha=1.0, class_weight=None, copy_X=True, fit_intercept=True,
                max_iter=None, normalize=False, random_state=123, solver='auto',
                tol=0.001)
2021-02-16 07:17:21,003:INFO:create_model() succesfully completed......................................
2021-02-16 07:17:21,081:INFO:SubProcess create_model() end ==================================
2021-02-16 07:17:21,081:INFO:Creating metrics dataframe
2021-02-16 07:17:21,103:INFO:Initializing Random Forest Classifier
2021-02-16 07:17:21,103:INFO:Total runtime is 0.23501848379770915 minutes
2021-02-16 07:17:21,111:INFO:SubProcess create_model() called ==================================
2021-02-16 07:17:21,111:INFO:Initializing create_model()
2021-02-16 07:17:21,111:INFO:create_model(estimator=rf, fold=StratifiedKFold(n_splits=10, random_state=123, shuffle=False), round=4, cross_validation=True, predict=True, fit_kwargs={}, groups=None, refit=False, verbose=False, system=False, metrics=None, display=<pycaret.internal.Display.Display object at 0x7fa6cf01eb50>, kwargs={})
2021-02-16 07:17:21,111:INFO:Checking exceptions
2021-02-16 07:17:21,112:INFO:Importing libraries
2021-02-16 07:17:21,112:INFO:Copying training dataset
2021-02-16 07:17:21,113:INFO:Defining folds
2021-02-16 07:17:21,113:INFO:Declaring metric variables
2021-02-16 07:17:21,119:INFO:Importing untrained model
2021-02-16 07:17:21,126:INFO:Random Forest Classifier Imported succesfully
2021-02-16 07:17:21,141:INFO:Starting cross validation
2021-02-16 07:17:21,141:INFO:Cross validating with StratifiedKFold(n_splits=10, random_state=123, shuffle=False), n_jobs=-1
2021-02-16 07:17:22,357:INFO:Calculating mean and std
2021-02-16 07:17:22,358:INFO:Creating metrics dataframe
2021-02-16 07:17:22,362:INFO:Uploading results into container
2021-02-16 07:17:22,362:INFO:Uploading model into container now
2021-02-16 07:17:22,362:INFO:create_model_container: 7
2021-02-16 07:17:22,362:INFO:master_model_container: 7
2021-02-16 07:17:22,362:INFO:display_container: 2
2021-02-16 07:17:22,362:INFO:RandomForestClassifier(bootstrap=True, ccp_alpha=0.0, class_weight=None,
                       criterion='gini', max_depth=None, max_features='auto',
                       max_leaf_nodes=None, max_samples=None,
                       min_impurity_decrease=0.0, min_impurity_split=None,
                       min_samples_leaf=1, min_samples_split=2,
                       min_weight_fraction_leaf=0.0, n_estimators=100,
                       n_jobs=-1, oob_score=False, random_state=123, verbose=0,
                       warm_start=False)
2021-02-16 07:17:22,362:INFO:create_model() succesfully completed......................................
2021-02-16 07:17:22,444:INFO:SubProcess create_model() end ==================================
2021-02-16 07:17:22,444:INFO:Creating metrics dataframe
2021-02-16 07:17:22,471:INFO:Initializing Quadratic Discriminant Analysis
2021-02-16 07:17:22,471:INFO:Total runtime is 0.2578059196472168 minutes
2021-02-16 07:17:22,479:INFO:SubProcess create_model() called ==================================
2021-02-16 07:17:22,479:INFO:Initializing create_model()
2021-02-16 07:17:22,479:INFO:create_model(estimator=qda, fold=StratifiedKFold(n_splits=10, random_state=123, shuffle=False), round=4, cross_validation=True, predict=True, fit_kwargs={}, groups=None, refit=False, verbose=False, system=False, metrics=None, display=<pycaret.internal.Display.Display object at 0x7fa6cf01eb50>, kwargs={})
2021-02-16 07:17:22,480:INFO:Checking exceptions
2021-02-16 07:17:22,480:INFO:Importing libraries
2021-02-16 07:17:22,480:INFO:Copying training dataset
2021-02-16 07:17:22,481:INFO:Defining folds
2021-02-16 07:17:22,481:INFO:Declaring metric variables
2021-02-16 07:17:22,488:INFO:Importing untrained model
2021-02-16 07:17:22,495:INFO:Quadratic Discriminant Analysis Imported succesfully
2021-02-16 07:17:22,509:INFO:Starting cross validation
2021-02-16 07:17:22,510:INFO:Cross validating with StratifiedKFold(n_splits=10, random_state=123, shuffle=False), n_jobs=-1
2021-02-16 07:17:22,591:INFO:Calculating mean and std
2021-02-16 07:17:22,592:INFO:Creating metrics dataframe
2021-02-16 07:17:22,596:INFO:Uploading results into container
2021-02-16 07:17:22,596:INFO:Uploading model into container now
2021-02-16 07:17:22,596:INFO:create_model_container: 8
2021-02-16 07:17:22,596:INFO:master_model_container: 8
2021-02-16 07:17:22,596:INFO:display_container: 2
2021-02-16 07:17:22,597:INFO:QuadraticDiscriminantAnalysis(priors=None, reg_param=0.0,
                              store_covariance=False, tol=0.0001)
2021-02-16 07:17:22,597:INFO:create_model() succesfully completed......................................
2021-02-16 07:17:22,676:INFO:SubProcess create_model() end ==================================
2021-02-16 07:17:22,676:INFO:Creating metrics dataframe
2021-02-16 07:17:22,701:INFO:Initializing Ada Boost Classifier
2021-02-16 07:17:22,702:INFO:Total runtime is 0.2616524219512939 minutes
2021-02-16 07:17:22,709:INFO:SubProcess create_model() called ==================================
2021-02-16 07:17:22,710:INFO:Initializing create_model()
2021-02-16 07:17:22,710:INFO:create_model(estimator=ada, fold=StratifiedKFold(n_splits=10, random_state=123, shuffle=False), round=4, cross_validation=True, predict=True, fit_kwargs={}, groups=None, refit=False, verbose=False, system=False, metrics=None, display=<pycaret.internal.Display.Display object at 0x7fa6cf01eb50>, kwargs={})
2021-02-16 07:17:22,710:INFO:Checking exceptions
2021-02-16 07:17:22,710:INFO:Importing libraries
2021-02-16 07:17:22,710:INFO:Copying training dataset
2021-02-16 07:17:22,711:INFO:Defining folds
2021-02-16 07:17:22,711:INFO:Declaring metric variables
2021-02-16 07:17:22,718:INFO:Importing untrained model
2021-02-16 07:17:22,726:INFO:Ada Boost Classifier Imported succesfully
2021-02-16 07:17:22,741:INFO:Starting cross validation
2021-02-16 07:17:22,741:INFO:Cross validating with StratifiedKFold(n_splits=10, random_state=123, shuffle=False), n_jobs=-1
2021-02-16 07:17:24,918:INFO:Calculating mean and std
2021-02-16 07:17:24,919:INFO:Creating metrics dataframe
2021-02-16 07:17:24,923:INFO:Uploading results into container
2021-02-16 07:17:24,923:INFO:Uploading model into container now
2021-02-16 07:17:24,923:INFO:create_model_container: 9
2021-02-16 07:17:24,923:INFO:master_model_container: 9
2021-02-16 07:17:24,924:INFO:display_container: 2
2021-02-16 07:17:24,924:INFO:AdaBoostClassifier(algorithm='SAMME.R', base_estimator=None, learning_rate=1.0,
                   n_estimators=50, random_state=123)
2021-02-16 07:17:24,924:INFO:create_model() succesfully completed......................................
2021-02-16 07:17:25,009:INFO:SubProcess create_model() end ==================================
2021-02-16 07:17:25,010:INFO:Creating metrics dataframe
2021-02-16 07:17:25,033:INFO:Initializing Gradient Boosting Classifier
2021-02-16 07:17:25,033:INFO:Total runtime is 0.3005160530408223 minutes
2021-02-16 07:17:25,042:INFO:SubProcess create_model() called ==================================
2021-02-16 07:17:25,042:INFO:Initializing create_model()
2021-02-16 07:17:25,042:INFO:create_model(estimator=gbc, fold=StratifiedKFold(n_splits=10, random_state=123, shuffle=False), round=4, cross_validation=True, predict=True, fit_kwargs={}, groups=None, refit=False, verbose=False, system=False, metrics=None, display=<pycaret.internal.Display.Display object at 0x7fa6cf01eb50>, kwargs={})
2021-02-16 07:17:25,042:INFO:Checking exceptions
2021-02-16 07:17:25,042:INFO:Importing libraries
2021-02-16 07:17:25,042:INFO:Copying training dataset
2021-02-16 07:17:25,043:INFO:Defining folds
2021-02-16 07:17:25,043:INFO:Declaring metric variables
2021-02-16 07:17:25,051:INFO:Importing untrained model
2021-02-16 07:17:25,059:INFO:Gradient Boosting Classifier Imported succesfully
2021-02-16 07:17:25,078:INFO:Starting cross validation
2021-02-16 07:17:25,079:INFO:Cross validating with StratifiedKFold(n_splits=10, random_state=123, shuffle=False), n_jobs=-1
2021-02-16 07:17:25,281:INFO:Calculating mean and std
2021-02-16 07:17:25,282:INFO:Creating metrics dataframe
2021-02-16 07:17:25,287:INFO:Uploading results into container
2021-02-16 07:17:25,287:INFO:Uploading model into container now
2021-02-16 07:17:25,287:INFO:create_model_container: 10
2021-02-16 07:17:25,287:INFO:master_model_container: 10
2021-02-16 07:17:25,287:INFO:display_container: 2
2021-02-16 07:17:25,287:INFO:GradientBoostingClassifier(ccp_alpha=0.0, criterion='friedman_mse', init=None,
                           learning_rate=0.1, loss='deviance', max_depth=3,
                           max_features=None, max_leaf_nodes=None,
                           min_impurity_decrease=0.0, min_impurity_split=None,
                           min_samples_leaf=1, min_samples_split=2,
                           min_weight_fraction_leaf=0.0, n_estimators=100,
                           n_iter_no_change=None, presort='deprecated',
                           random_state=123, subsample=1.0, tol=0.0001,
                           validation_fraction=0.1, verbose=0,
                           warm_start=False)
2021-02-16 07:17:25,288:INFO:create_model() succesfully completed......................................
2021-02-16 07:17:25,367:INFO:SubProcess create_model() end ==================================
2021-02-16 07:17:25,367:INFO:Creating metrics dataframe
2021-02-16 07:17:25,391:INFO:Initializing Linear Discriminant Analysis
2021-02-16 07:17:25,391:INFO:Total runtime is 0.30648498535156243 minutes
2021-02-16 07:17:25,399:INFO:SubProcess create_model() called ==================================
2021-02-16 07:17:25,400:INFO:Initializing create_model()
2021-02-16 07:17:25,400:INFO:create_model(estimator=lda, fold=StratifiedKFold(n_splits=10, random_state=123, shuffle=False), round=4, cross_validation=True, predict=True, fit_kwargs={}, groups=None, refit=False, verbose=False, system=False, metrics=None, display=<pycaret.internal.Display.Display object at 0x7fa6cf01eb50>, kwargs={})
2021-02-16 07:17:25,400:INFO:Checking exceptions
2021-02-16 07:17:25,400:INFO:Importing libraries
2021-02-16 07:17:25,400:INFO:Copying training dataset
2021-02-16 07:17:25,401:INFO:Defining folds
2021-02-16 07:17:25,401:INFO:Declaring metric variables
2021-02-16 07:17:25,409:INFO:Importing untrained model
2021-02-16 07:17:25,419:INFO:Linear Discriminant Analysis Imported succesfully
2021-02-16 07:17:25,434:INFO:Starting cross validation
2021-02-16 07:17:25,434:INFO:Cross validating with StratifiedKFold(n_splits=10, random_state=123, shuffle=False), n_jobs=-1
2021-02-16 07:17:25,513:INFO:Calculating mean and std
2021-02-16 07:17:25,514:INFO:Creating metrics dataframe
2021-02-16 07:17:25,518:INFO:Uploading results into container
2021-02-16 07:17:25,519:INFO:Uploading model into container now
2021-02-16 07:17:25,519:INFO:create_model_container: 11
2021-02-16 07:17:25,519:INFO:master_model_container: 11
2021-02-16 07:17:25,519:INFO:display_container: 2
2021-02-16 07:17:25,519:INFO:LinearDiscriminantAnalysis(n_components=None, priors=None, shrinkage=None,
                           solver='svd', store_covariance=False, tol=0.0001)
2021-02-16 07:17:25,519:INFO:create_model() succesfully completed......................................
2021-02-16 07:17:25,601:INFO:SubProcess create_model() end ==================================
2021-02-16 07:17:25,601:INFO:Creating metrics dataframe
2021-02-16 07:17:25,625:INFO:Initializing Extra Trees Classifier
2021-02-16 07:17:25,625:INFO:Total runtime is 0.310376218954722 minutes
2021-02-16 07:17:25,633:INFO:SubProcess create_model() called ==================================
2021-02-16 07:17:25,633:INFO:Initializing create_model()
2021-02-16 07:17:25,633:INFO:create_model(estimator=et, fold=StratifiedKFold(n_splits=10, random_state=123, shuffle=False), round=4, cross_validation=True, predict=True, fit_kwargs={}, groups=None, refit=False, verbose=False, system=False, metrics=None, display=<pycaret.internal.Display.Display object at 0x7fa6cf01eb50>, kwargs={})
2021-02-16 07:17:25,633:INFO:Checking exceptions
2021-02-16 07:17:25,634:INFO:Importing libraries
2021-02-16 07:17:25,634:INFO:Copying training dataset
2021-02-16 07:17:25,635:INFO:Defining folds
2021-02-16 07:17:25,635:INFO:Declaring metric variables
2021-02-16 07:17:25,644:INFO:Importing untrained model
2021-02-16 07:17:25,653:INFO:Extra Trees Classifier Imported succesfully
2021-02-16 07:17:25,667:INFO:Starting cross validation
2021-02-16 07:17:25,668:INFO:Cross validating with StratifiedKFold(n_splits=10, random_state=123, shuffle=False), n_jobs=-1
2021-02-16 07:17:26,682:INFO:Calculating mean and std
2021-02-16 07:17:26,683:INFO:Creating metrics dataframe
2021-02-16 07:17:26,689:INFO:Uploading results into container
2021-02-16 07:17:26,689:INFO:Uploading model into container now
2021-02-16 07:17:26,689:INFO:create_model_container: 12
2021-02-16 07:17:26,689:INFO:master_model_container: 12
2021-02-16 07:17:26,690:INFO:display_container: 2
2021-02-16 07:17:26,690:INFO:ExtraTreesClassifier(bootstrap=False, ccp_alpha=0.0, class_weight=None,
                     criterion='gini', max_depth=None, max_features='auto',
                     max_leaf_nodes=None, max_samples=None,
                     min_impurity_decrease=0.0, min_impurity_split=None,
                     min_samples_leaf=1, min_samples_split=2,
                     min_weight_fraction_leaf=0.0, n_estimators=100, n_jobs=-1,
                     oob_score=False, random_state=123, verbose=0,
                     warm_start=False)
2021-02-16 07:17:26,690:INFO:create_model() succesfully completed......................................
2021-02-16 07:17:26,769:INFO:SubProcess create_model() end ==================================
2021-02-16 07:17:26,770:INFO:Creating metrics dataframe
2021-02-16 07:17:26,793:INFO:Initializing Extreme Gradient Boosting
2021-02-16 07:17:26,793:INFO:Total runtime is 0.32985200087229405 minutes
2021-02-16 07:17:26,801:INFO:SubProcess create_model() called ==================================
2021-02-16 07:17:26,802:INFO:Initializing create_model()
2021-02-16 07:17:26,802:INFO:create_model(estimator=xgboost, fold=StratifiedKFold(n_splits=10, random_state=123, shuffle=False), round=4, cross_validation=True, predict=True, fit_kwargs={}, groups=None, refit=False, verbose=False, system=False, metrics=None, display=<pycaret.internal.Display.Display object at 0x7fa6cf01eb50>, kwargs={})
2021-02-16 07:17:26,802:INFO:Checking exceptions
2021-02-16 07:17:26,802:INFO:Importing libraries
2021-02-16 07:17:26,802:INFO:Copying training dataset
2021-02-16 07:17:26,803:INFO:Defining folds
2021-02-16 07:17:26,803:INFO:Declaring metric variables
2021-02-16 07:17:26,810:INFO:Importing untrained model
2021-02-16 07:17:26,818:INFO:Extreme Gradient Boosting Imported succesfully
2021-02-16 07:17:26,832:INFO:Starting cross validation
2021-02-16 07:17:26,834:INFO:Cross validating with StratifiedKFold(n_splits=10, random_state=123, shuffle=False), n_jobs=-1
2021-02-16 07:17:29,858:INFO:Calculating mean and std
2021-02-16 07:17:29,860:INFO:Creating metrics dataframe
2021-02-16 07:17:29,866:INFO:Uploading results into container
2021-02-16 07:17:29,866:INFO:Uploading model into container now
2021-02-16 07:17:29,866:INFO:create_model_container: 13
2021-02-16 07:17:29,866:INFO:master_model_container: 13
2021-02-16 07:17:29,866:INFO:display_container: 2
2021-02-16 07:17:29,867:INFO:XGBClassifier(base_score=None, booster='gbtree', colsample_bylevel=None,
              colsample_bynode=None, colsample_bytree=None, gamma=None,
              gpu_id=None, importance_type='gain', interaction_constraints=None,
              learning_rate=None, max_delta_step=None, max_depth=None,
              min_child_weight=None, missing=nan, monotone_constraints=None,
              n_estimators=100, n_jobs=-1, num_parallel_tree=None,
              objective='binary:logistic', random_state=123, reg_alpha=None,
              reg_lambda=None, scale_pos_weight=None, subsample=None,
              tree_method='auto', use_label_encoder=True,
              validate_parameters=None, verbosity=0)
2021-02-16 07:17:29,868:INFO:create_model() succesfully completed......................................
2021-02-16 07:17:29,954:INFO:SubProcess create_model() end ==================================
2021-02-16 07:17:29,954:INFO:Creating metrics dataframe
2021-02-16 07:17:29,989:INFO:Initializing Light Gradient Boosting Machine
2021-02-16 07:17:29,989:INFO:Total runtime is 0.38311803738276157 minutes
2021-02-16 07:17:30,002:INFO:SubProcess create_model() called ==================================
2021-02-16 07:17:30,003:INFO:Initializing create_model()
2021-02-16 07:17:30,003:INFO:create_model(estimator=lightgbm, fold=StratifiedKFold(n_splits=10, random_state=123, shuffle=False), round=4, cross_validation=True, predict=True, fit_kwargs={}, groups=None, refit=False, verbose=False, system=False, metrics=None, display=<pycaret.internal.Display.Display object at 0x7fa6cf01eb50>, kwargs={})
2021-02-16 07:17:30,003:INFO:Checking exceptions
2021-02-16 07:17:30,003:INFO:Importing libraries
2021-02-16 07:17:30,003:INFO:Copying training dataset
2021-02-16 07:17:30,005:INFO:Defining folds
2021-02-16 07:17:30,005:INFO:Declaring metric variables
2021-02-16 07:17:30,016:INFO:Importing untrained model
2021-02-16 07:17:30,027:INFO:Light Gradient Boosting Machine Imported succesfully
2021-02-16 07:17:30,048:INFO:Starting cross validation
2021-02-16 07:17:30,049:INFO:Cross validating with StratifiedKFold(n_splits=10, random_state=123, shuffle=False), n_jobs=-1
2021-02-16 07:17:33,966:INFO:Calculating mean and std
2021-02-16 07:17:33,967:INFO:Creating metrics dataframe
2021-02-16 07:17:33,974:INFO:Uploading results into container
2021-02-16 07:17:33,974:INFO:Uploading model into container now
2021-02-16 07:17:33,975:INFO:create_model_container: 14
2021-02-16 07:17:33,975:INFO:master_model_container: 14
2021-02-16 07:17:33,975:INFO:display_container: 2
2021-02-16 07:17:33,975:INFO:LGBMClassifier(boosting_type='gbdt', class_weight=None, colsample_bytree=1.0,
               importance_type='split', learning_rate=0.1, max_depth=-1,
               min_child_samples=20, min_child_weight=0.001, min_split_gain=0.0,
               n_estimators=100, n_jobs=-1, num_leaves=31, objective=None,
               random_state=123, reg_alpha=0.0, reg_lambda=0.0, silent=True,
               subsample=1.0, subsample_for_bin=200000, subsample_freq=0)
2021-02-16 07:17:33,976:INFO:create_model() succesfully completed......................................
2021-02-16 07:17:34,066:INFO:SubProcess create_model() end ==================================
2021-02-16 07:17:34,067:INFO:Creating metrics dataframe
2021-02-16 07:17:34,104:INFO:Initializing CatBoost Classifier
2021-02-16 07:17:34,105:INFO:Total runtime is 0.4517028848330179 minutes
2021-02-16 07:17:34,117:INFO:SubProcess create_model() called ==================================
2021-02-16 07:17:34,118:INFO:Initializing create_model()
2021-02-16 07:17:34,118:INFO:create_model(estimator=catboost, fold=StratifiedKFold(n_splits=10, random_state=123, shuffle=False), round=4, cross_validation=True, predict=True, fit_kwargs={}, groups=None, refit=False, verbose=False, system=False, metrics=None, display=<pycaret.internal.Display.Display object at 0x7fa6cf01eb50>, kwargs={})
2021-02-16 07:17:34,118:INFO:Checking exceptions
2021-02-16 07:17:34,118:INFO:Importing libraries
2021-02-16 07:17:34,118:INFO:Copying training dataset
2021-02-16 07:17:34,119:INFO:Defining folds
2021-02-16 07:17:34,120:INFO:Declaring metric variables
2021-02-16 07:17:34,132:INFO:Importing untrained model
2021-02-16 07:17:34,144:INFO:CatBoost Classifier Imported succesfully
2021-02-16 07:17:34,164:INFO:Starting cross validation
2021-02-16 07:17:34,165:INFO:Cross validating with StratifiedKFold(n_splits=10, random_state=123, shuffle=False), n_jobs=-1
2021-02-16 07:17:46,928:INFO:Calculating mean and std
2021-02-16 07:17:46,929:INFO:Creating metrics dataframe
2021-02-16 07:17:46,934:INFO:Uploading results into container
2021-02-16 07:17:46,934:INFO:Uploading model into container now
2021-02-16 07:17:46,934:INFO:create_model_container: 15
2021-02-16 07:17:46,934:INFO:master_model_container: 15
2021-02-16 07:17:46,934:INFO:display_container: 2
2021-02-16 07:17:46,934:INFO:<catboost.core.CatBoostClassifier object at 0x7fa6d1c9a5d0>
2021-02-16 07:17:46,934:INFO:create_model() succesfully completed......................................
2021-02-16 07:17:47,009:INFO:SubProcess create_model() end ==================================
2021-02-16 07:17:47,009:INFO:Creating metrics dataframe
2021-02-16 07:17:47,056:INFO:Initializing create_model()
2021-02-16 07:17:47,057:INFO:create_model(estimator=LogisticRegression(C=1.0, class_weight=None, dual=False, fit_intercept=True,
                   intercept_scaling=1, l1_ratio=None, max_iter=1000,
                   multi_class='auto', n_jobs=None, penalty='l2',
                   random_state=123, solver='lbfgs', tol=0.0001, verbose=0,
                   warm_start=False), fold=StratifiedKFold(n_splits=10, random_state=123, shuffle=False), round=4, cross_validation=False, predict=False, fit_kwargs={}, groups=None, refit=True, verbose=False, system=False, metrics=None, display=None, kwargs={})
2021-02-16 07:17:47,057:INFO:Checking exceptions
2021-02-16 07:17:47,057:INFO:Importing libraries
2021-02-16 07:17:47,057:INFO:Copying training dataset
2021-02-16 07:17:47,058:INFO:Defining folds
2021-02-16 07:17:47,058:INFO:Declaring metric variables
2021-02-16 07:17:47,058:INFO:Importing untrained model
2021-02-16 07:17:47,058:INFO:Declaring custom model
2021-02-16 07:17:47,059:INFO:Logistic Regression Imported succesfully
2021-02-16 07:17:47,059:INFO:Cross validation set to False
2021-02-16 07:17:47,060:INFO:Fitting Model
2021-02-16 07:17:47,206:INFO:LogisticRegression(C=1.0, class_weight=None, dual=False, fit_intercept=True,
                   intercept_scaling=1, l1_ratio=None, max_iter=1000,
                   multi_class='auto', n_jobs=None, penalty='l2',
                   random_state=123, solver='lbfgs', tol=0.0001, verbose=0,
                   warm_start=False)
2021-02-16 07:17:47,206:INFO:create_models() succesfully completed......................................
2021-02-16 07:17:47,389:INFO:create_model_container: 15
2021-02-16 07:17:47,389:INFO:master_model_container: 15
2021-02-16 07:17:47,389:INFO:display_container: 2
2021-02-16 07:17:47,390:INFO:LogisticRegression(C=1.0, class_weight=None, dual=False, fit_intercept=True,
                   intercept_scaling=1, l1_ratio=None, max_iter=1000,
                   multi_class='auto', n_jobs=None, penalty='l2',
                   random_state=123, solver='lbfgs', tol=0.0001, verbose=0,
                   warm_start=False)
2021-02-16 07:17:47,391:INFO:compare_models() succesfully completed......................................
